Listening...
01010100001
{ result: 
   { _id: { '$oid': '5faeae69bc402d69834512b3' },
     name: '쩌는남자',
     tel: '01010100001',
     age: '20',
     num_of_sample: '120',
     num_of_all: '200',
     category: '2',
     data: 
      { harmony: 2,
        water_tank_num: 1,
        water_tank_time: 1,
        fall_dead: 5,
        straw_resting_place: 2,
        winter_ventilating: 2,
        straw_normal: 3,
        cough: 5,
        runny_nose: 2,
        touch_impossibility: 1,
        wind_block: 2,
        limp: 2,
        water_tank_clean: 1,
        poor: 7,
        winter_straw: 2,
        mist_spray: 2,
        horn_painkiller: 2,
        struggle: 2,
        ruminant: 2,
        hair_loss: 2,
        respiratory_failure: 2,
        touch_near: 2,
        touch_far: 2,
        horn_anesthesia: 2,
        calf_warm: 1,
        castration: 2,
        shade: 2,
        castration_painkiller: 2,
        touch_possibility: 2,
        outward_hygiene: 5,
        diarrhea: 5,
        horn: 2,
        summer_ventilating: 2,
        calf_wind_block: 2,
        ophthalmic_secretion: 1,
        straw_fead_tank: 3,
        castration_anesthesia: 2 },
     date: { '$date': 1605315833933 } },
  protocol1: 44,
  protocol2: 51,
  protocol3: 577,
  protocol4: 310,
  total: 983,
  protocol1_info: [ '여물을 더줄 필요가 있음.' ],
  protocol2_info: [],
  protocol3_info: [],
  protocol4_info: [],
  protocol1_length: 1,
  protocol2_length: 0,
  protocol3_length: 0,
  protocol4_length: 0 }
error: Forever detected script was killed by signal: SIGKILL
