Listening...
(node:21323) DeprecationWarning: current Server Discovery and Monitoring engine is deprecated, and will be removed in a future version. To use the new Server Discover and Monitoring engine, pass option { useUnifiedTopology: true } to the MongoClient constructor.
(node:21323) DeprecationWarning: collection.insert is deprecated. Use insertOne, insertMany or bulkWrite instead.
4565
{ result: 
   { _id: { '$oid': '5fb529eb604bf4534bc176ef' },
     name: '나',
     tel: '4565',
     age: '45',
     num_of_sample: '25',
     num_of_all: '46',
     category: '2',
     data: 
      { harmony: 3,
        water_tank_num: 2,
        water_tank_time: 2,
        fall_dead: 3,
        straw_resting_place: 2,
        winter_ventilating: 1,
        straw_normal: 1,
        cough: 3,
        runny_nose: 2,
        touch_impossibility: 1,
        wind_block: 2,
        limp: 2,
        water_tank_clean: 3,
        poor: 5,
        winter_straw: 2,
        mist_spray: 2,
        horn_painkiller: 2,
        struggle: 2,
        ruminant: 2,
        hair_loss: 2,
        respiratory_failure: 2,
        touch_near: 2,
        touch_far: 2,
        horn_anesthesia: 1,
        calf_warm: 2,
        castration: 3,
        shade: 1,
        castration_painkiller: 1,
        touch_possibility: 2,
        outward_hygiene: 2,
        diarrhea: 3,
        horn: 3,
        summer_ventilating: 1,
        calf_wind_block: 1,
        ophthalmic_secretion: 3,
        straw_fead_tank: 2,
        castration_anesthesia: 2 },
     date: { '$date': 1605740667887 } },
  protocol1: 34,
  protocol2: 62,
  protocol3: 628,
  protocol4: 323,
  total: 1048,
  protocol1_info: [ '음수조 개수를 늘려야함.' ],
  protocol2_info: [],
  protocol3_info: [],
  protocol4_info: [],
  protocol1_length: 1,
  protocol2_length: 0,
  protocol3_length: 0,
  protocol4_length: 0 }
4978
4978
{ result: 
   { _id: { '$oid': '5fb52b14604bf4534bc176f1' },
     name: '나',
     tel: '4978',
     age: '78',
     num_of_sample: '45',
     num_of_all: '49',
     category: '3',
     data: 
      { harmony: 3,
        water_tank_num: 1,
        water_tank_time: 3,
        fall_dead: 3,
        straw_resting_place: 3,
        winter_ventilating: 1,
        straw_normal: 3,
        cough: 1,
        runny_nose: 3,
        touch_impossibility: 2,
        wind_block: 1,
        limp: 2,
        water_tank_clean: 3,
        poor: 2,
        winter_straw: 1,
        mist_spray: 2,
        horn_painkiller: 2,
        struggle: 2,
        ruminant: 3,
        hair_loss: 2,
        respiratory_failure: 3,
        touch_near: 3,
        touch_far: 3,
        horn_anesthesia: 2,
        calf_warm: 1,
        castration: 2,
        shade: 2,
        castration_painkiller: 2,
        touch_possibility: 2,
        outward_hygiene: 2,
        diarrhea: 2,
        horn: 2,
        summer_ventilating: 2,
        calf_wind_block: 2,
        ophthalmic_secretion: 2,
        straw_fead_tank: 4,
        castration_anesthesia: 1 },
     date: { '$date': 1605740964124 } },
  protocol1: 62,
  protocol2: 61,
  protocol3: 722,
  protocol4: 323,
  total: 1168,
  protocol1_info: [],
  protocol2_info: [],
  protocol3_info: [],
  protocol4_info: [],
  protocol1_length: 0,
  protocol2_length: 0,
  protocol3_length: 0,
  protocol4_length: 0 }
8541
{ result: 
   { _id: { '$oid': '5fb53248604bf4534bc176f2' },
     name: '느',
     tel: '8541',
     age: '19',
     num_of_sample: '42',
     num_of_all: '45',
     category: '2',
     data: 
      { harmony: 2,
        water_tank_num: 2,
        water_tank_time: 1,
        fall_dead: 3,
        straw_resting_place: 3,
        winter_ventilating: 2,
        straw_normal: 3,
        cough: 2,
        runny_nose: 3,
        touch_impossibility: 5,
        wind_block: 2,
        limp: 5,
        water_tank_clean: 3,
        poor: 2,
        winter_straw: 2,
        mist_spray: 1,
        horn_painkiller: 2,
        struggle: 2,
        ruminant: 1,
        hair_loss: 5,
        respiratory_failure: 2,
        touch_near: 3,
        touch_far: 1,
        horn_anesthesia: 1,
        calf_warm: 1,
        castration: 2,
        shade: 2,
        castration_painkiller: 2,
        touch_possibility: 2,
        outward_hygiene: 2,
        diarrhea: 3,
        horn: 2,
        summer_ventilating: 2,
        calf_wind_block: 1,
        ophthalmic_secretion: 1,
        straw_fead_tank: 3,
        castration_anesthesia: 2 },
     date: { '$date': 1605742808279 } },
  protocol1: 59,
  protocol2: 54,
  protocol3: 684,
  protocol4: 310,
  total: 1108,
  protocol1_info: [ '음수조 개수를 늘려야함.' ],
  protocol2_info: [],
  protocol3_info: [],
  protocol4_info: [],
  protocol1_length: 1,
  protocol2_length: 0,
  protocol3_length: 0,
  protocol4_length: 0 }
75848
{ result: 
   { _id: { '$oid': '5fb53339604bf4534bc176f3' },
     name: '나',
     tel: '75848',
     age: '13',
     num_of_sample: '70',
     num_of_all: '75',
     category: '3',
     data: 
      { harmony: 3,
        water_tank_num: 2,
        water_tank_time: 1,
        fall_dead: 3,
        straw_resting_place: 3,
        winter_ventilating: 2,
        straw_normal: 3,
        cough: 3,
        runny_nose: 1,
        touch_impossibility: 3,
        wind_block: 1,
        limp: 2,
        water_tank_clean: 3,
        poor: 2,
        winter_straw: 2,
        mist_spray: 1,
        horn_painkiller: 1,
        struggle: 2,
        ruminant: 2,
        hair_loss: 2,
        respiratory_failure: 2,
        touch_near: 2,
        touch_far: 3,
        horn_anesthesia: 2,
        calf_warm: 2,
        castration: 3,
        shade: 1,
        castration_painkiller: 1,
        touch_possibility: 1,
        outward_hygiene: 2,
        diarrhea: 3,
        horn: 1,
        summer_ventilating: 2,
        calf_wind_block: 1,
        ophthalmic_secretion: 3,
        straw_fead_tank: 2,
        castration_anesthesia: 1 },
     date: { '$date': 1605743049209 } },
  protocol1: 59,
  protocol2: 55,
  protocol3: 828,
  protocol4: 323,
  total: 1266,
  protocol1_info: [ '음수조 개수를 늘려야함.' ],
  protocol2_info: [],
  protocol3_info: [],
  protocol4_info: [],
  protocol1_length: 1,
  protocol2_length: 0,
  protocol3_length: 0,
  protocol4_length: 0 }
45196
{ result: 
   { _id: { '$oid': '5fb534d6604bf4534bc176f4' },
     name: '니ㅏ',
     tel: '45196',
     age: '43',
     num_of_sample: '41',
     num_of_all: '46',
     category: '2',
     data: 
      { harmony: 1,
        water_tank_num: 2,
        water_tank_time: 3,
        fall_dead: 1,
        straw_resting_place: 2,
        winter_ventilating: 1,
        straw_normal: 2,
        cough: 1,
        runny_nose: 2,
        touch_impossibility: 2,
        wind_block: 2,
        limp: 2,
        water_tank_clean: 1,
        poor: 2,
        winter_straw: 2,
        mist_spray: 1,
        horn_painkiller: 2,
        struggle: 2,
        ruminant: 2,
        hair_loss: 3,
        respiratory_failure: 2,
        touch_near: 2,
        touch_far: 1,
        horn_anesthesia: 2,
        calf_warm: 1,
        castration: 2,
        shade: 1,
        castration_painkiller: 1,
        touch_possibility: 3,
        outward_hygiene: 2,
        diarrhea: 1,
        horn: 2,
        summer_ventilating: 1,
        calf_wind_block: 2,
        ophthalmic_secretion: 3,
        straw_fead_tank: 2,
        castration_anesthesia: 1 },
     date: { '$date': 1605743462891 } },
  protocol1: 61,
  protocol2: 69,
  protocol3: 758,
  protocol4: 290,
  total: 1179,
  protocol1_info: [ '음수조 개수를 늘려야함.' ],
  protocol2_info: [],
  protocol3_info: [],
  protocol4_info: [],
  protocol1_length: 1,
  protocol2_length: 0,
  protocol3_length: 0,
  protocol4_length: 0 }
145
{ result: 
   { _id: { '$oid': '5fb53760604bf4534bc176f5' },
     name: '나',
     tel: '145',
     age: '26',
     num_of_sample: '42',
     num_of_all: '45',
     category: '2',
     data: 
      { harmony: 6,
        water_tank_num: 2,
        water_tank_time: 2,
        fall_dead: 3,
        straw_resting_place: 3,
        winter_ventilating: 2,
        straw_normal: 2,
        cough: 2,
        runny_nose: 2,
        touch_impossibility: 2,
        wind_block: 1,
        limp: 3,
        water_tank_clean: 2,
        poor: 2,
        winter_straw: 2,
        mist_spray: 1,
        horn_painkiller: 1,
        struggle: 2,
        ruminant: 3,
        hair_loss: 1,
        respiratory_failure: 2,
        touch_near: 1,
        touch_far: 2,
        horn_anesthesia: 1,
        calf_warm: 1,
        castration: 3,
        shade: 2,
        castration_painkiller: 2,
        touch_possibility: 3,
        outward_hygiene: 2,
        diarrhea: 1,
        horn: 2,
        summer_ventilating: 2,
        calf_wind_block: 1,
        ophthalmic_secretion: 3,
        straw_fead_tank: 1,
        castration_anesthesia: 2 },
     date: { '$date': 1605744112641 } },
  protocol1: 61,
  protocol2: 57,
  protocol3: 758,
  protocol4: 336,
  total: 1212,
  protocol1_info: [ '음수조 개수를 늘려야함.' ],
  protocol2_info: [],
  protocol3_info: [],
  protocol4_info: [],
  protocol1_length: 1,
  protocol2_length: 0,
  protocol3_length: 0,
  protocol4_length: 0 }
467
{ result: 
   { _id: { '$oid': '5fb53ed9604bf4534bc176f6' },
     name: '나',
     tel: '467',
     age: '45',
     num_of_sample: '43',
     num_of_all: '46',
     category: '2',
     data: 
      { harmony: 1,
        water_tank_num: 2,
        water_tank_time: 2,
        fall_dead: 1,
        straw_resting_place: 3,
        winter_ventilating: 2,
        straw_normal: 3,
        cough: 2,
        runny_nose: 3,
        touch_impossibility: 2,
        wind_block: 1,
        limp: 2,
        water_tank_clean: 2,
        poor: 2,
        winter_straw: 2,
        mist_spray: 1,
        horn_painkiller: 2,
        struggle: 2,
        ruminant: 2,
        hair_loss: 3,
        respiratory_failure: 3,
        touch_near: 2,
        touch_far: 3,
        horn_anesthesia: 2,
        calf_warm: 2,
        castration: 3,
        shade: 2,
        castration_painkiller: 2,
        touch_possibility: 1,
        outward_hygiene: 2,
        diarrhea: 2,
        horn: 2,
        summer_ventilating: 2,
        calf_wind_block: 1,
        ophthalmic_secretion: 1,
        straw_fead_tank: 2,
        castration_anesthesia: 2 },
     date: { '$date': 1605746025908 } },
  protocol1: 61,
  protocol2: 50,
  protocol3: 709,
  protocol4: 290,
  total: 1111,
  protocol1_info: [ '음수조 개수를 늘려야함.' ],
  protocol2_info: [],
  protocol3_info: [],
  protocol4_info: [],
  protocol1_length: 1,
  protocol2_length: 0,
  protocol3_length: 0,
  protocol4_length: 0 }
45
45
5256
{ result: 
   { _id: { '$oid': '5fb54842604bf4534bc176f9' },
     name: '나',
     tel: '5256',
     age: '25',
     num_of_sample: '45',
     num_of_all: '45',
     category: '2',
     data: 
      { harmony: 3,
        water_tank_num: 2,
        water_tank_time: 2,
        fall_dead: 3,
        straw_resting_place: 3,
        winter_ventilating: 1,
        straw_normal: 3,
        cough: 3,
        runny_nose: 2,
        touch_impossibility: 3,
        wind_block: 1,
        limp: 2,
        water_tank_clean: 3,
        poor: 2,
        winter_straw: 1,
        mist_spray: 1,
        horn_painkiller: 2,
        struggle: 2,
        ruminant: 3,
        hair_loss: 3,
        respiratory_failure: 1,
        touch_near: 2,
        touch_far: 1,
        horn_anesthesia: 2,
        calf_warm: 2,
        castration: 2,
        shade: 2,
        castration_painkiller: 1,
        touch_possibility: 3,
        outward_hygiene: 2,
        diarrhea: 2,
        horn: 3,
        summer_ventilating: 2,
        calf_wind_block: 2,
        ophthalmic_secretion: 3,
        straw_fead_tank: 2,
        castration_anesthesia: 2 },
     date: { '$date': 1605748434307 } },
  protocol1: 55,
  protocol2: 56,
  protocol3: 663,
  protocol4: 323,
  total: 1098,
  protocol1_info: [ '음수조 개수를 늘려야함.' ],
  protocol2_info: [],
  protocol3_info: [],
  protocol4_info: [],
  protocol1_length: 1,
  protocol2_length: 0,
  protocol3_length: 0,
  protocol4_length: 0 }
52
5375784
{ result: 
   { _id: { '$oid': '5fb549ba604bf4534bc176fb' },
     name: '나',
     tel: '5375784',
     age: '26',
     num_of_sample: '19',
     num_of_all: '42',
     category: '2',
     data: 
      { harmony: 3,
        water_tank_num: 2,
        water_tank_time: 1,
        fall_dead: 2,
        straw_resting_place: 3,
        winter_ventilating: 1,
        straw_normal: 2,
        cough: 3,
        runny_nose: 2,
        touch_impossibility: 3,
        wind_block: 2,
        limp: 3,
        water_tank_clean: 2,
        poor: 3,
        winter_straw: 2,
        mist_spray: 2,
        horn_painkiller: 2,
        struggle: 3,
        ruminant: 3,
        hair_loss: 2,
        respiratory_failure: 3,
        touch_near: 3,
        touch_far: 1,
        horn_anesthesia: 1,
        calf_warm: 1,
        castration: 3,
        shade: 1,
        castration_painkiller: 1,
        touch_possibility: 2,
        outward_hygiene: 3,
        diarrhea: 2,
        horn: 1,
        summer_ventilating: 1,
        calf_wind_block: 1,
        ophthalmic_secretion: 3,
        straw_fead_tank: 3,
        castration_anesthesia: 2 },
     date: { '$date': 1605748810790 } },
  protocol1: 58,
  protocol2: 63,
  protocol3: 769,
  protocol4: 310,
  total: 1201,
  protocol1_info: [ '음수조 개수를 늘려야함.' ],
  protocol2_info: [],
  protocol3_info: [],
  protocol4_info: [],
  protocol1_length: 1,
  protocol2_length: 0,
  protocol3_length: 0,
  protocol4_length: 0 }
5456
{ result: 
   { _id: { '$oid': '5fb5c825604bf4534bc176fc' },
     name: '나',
     tel: '5456',
     age: '41',
     num_of_sample: '4',
     num_of_all: '15',
     category: '2',
     data: 
      { harmony: 3,
        water_tank_num: 1,
        water_tank_time: 2,
        fall_dead: 3,
        straw_resting_place: 2,
        winter_ventilating: 2,
        straw_normal: 2,
        cough: 3,
        runny_nose: 3,
        touch_impossibility: 2,
        wind_block: 2,
        limp: 2,
        water_tank_clean: 3,
        poor: 2,
        winter_straw: 2,
        mist_spray: 2,
        horn_painkiller: 2,
        struggle: 2,
        ruminant: 3,
        hair_loss: 3,
        respiratory_failure: 2,
        touch_near: 3,
        touch_far: 1,
        horn_anesthesia: 1,
        calf_warm: 1,
        castration: 2,
        shade: 2,
        castration_painkiller: 2,
        touch_possibility: 3,
        outward_hygiene: 5,
        diarrhea: 1,
        horn: 3,
        summer_ventilating: 2,
        calf_wind_block: 1,
        ophthalmic_secretion: 1,
        straw_fead_tank: 2,
        castration_anesthesia: 1 },
     date: { '$date': 1605781173144 } },
  protocol1: 62,
  protocol2: 54,
  protocol3: 641,
  protocol4: 323,
  total: 1081,
  protocol1_info: [],
  protocol2_info: [],
  protocol3_info: [],
  protocol4_info: [],
  protocol1_length: 0,
  protocol2_length: 0,
  protocol3_length: 0,
  protocol4_length: 0 }
4562
{ result: 
   { _id: { '$oid': '5fb5ca8d604bf4534bc176fd' },
     name: '나',
     tel: '4562',
     age: '41',
     num_of_sample: '30',
     num_of_all: '45',
     category: '2',
     data: 
      { harmony: 1,
        water_tank_num: 2,
        water_tank_time: 2,
        fall_dead: 3,
        straw_resting_place: 3,
        winter_ventilating: 2,
        straw_normal: 3,
        cough: 1,
        runny_nose: 2,
        touch_impossibility: 2,
        wind_block: 2,
        limp: 2,
        water_tank_clean: 3,
        poor: 2,
        winter_straw: 1,
        mist_spray: 2,
        horn_painkiller: 1,
        struggle: 2,
        ruminant: 1,
        hair_loss: 3,
        respiratory_failure: 3,
        touch_near: 3,
        touch_far: 3,
        horn_anesthesia: 1,
        calf_warm: 2,
        castration: 2,
        shade: 1,
        castration_painkiller: 1,
        touch_possibility: 1,
        outward_hygiene: 3,
        diarrhea: 2,
        horn: 2,
        summer_ventilating: 1,
        calf_wind_block: 1,
        ophthalmic_secretion: 1,
        straw_fead_tank: 2,
        castration_anesthesia: 1 },
     date: { '$date': 1605781789741 } },
  protocol1: 55,
  protocol2: 63,
  protocol3: 807,
  protocol4: 290,
  total: 1216,
  protocol1_info: [ '음수조 개수를 늘려야함.' ],
  protocol2_info: [],
  protocol3_info: [],
  protocol4_info: [],
  protocol1_length: 1,
  protocol2_length: 0,
  protocol3_length: 0,
  protocol4_length: 0 }
25
{ result: 
   { _id: { '$oid': '5fb5cd25604bf4534bc176fe' },
     name: '나',
     tel: '25',
     age: '24',
     num_of_sample: '25',
     num_of_all: '45',
     category: '2',
     data: 
      { harmony: 2,
        water_tank_num: 2,
        water_tank_time: 2,
        fall_dead: 2,
        straw_resting_place: 3,
        winter_ventilating: 1,
        straw_normal: 2,
        cough: 3,
        runny_nose: 2,
        touch_impossibility: 3,
        wind_block: 2,
        limp: 3,
        water_tank_clean: 2,
        poor: 5,
        winter_straw: 2,
        mist_spray: 2,
        horn_painkiller: 2,
        struggle: 3,
        ruminant: 3,
        hair_loss: 2,
        respiratory_failure: 3,
        touch_near: 2,
        touch_far: 3,
        horn_anesthesia: 2,
        calf_warm: 1,
        castration: 3,
        shade: 2,
        castration_painkiller: 2,
        touch_possibility: 3,
        outward_hygiene: 3,
        diarrhea: 2,
        horn: 2,
        summer_ventilating: 1,
        calf_wind_block: 1,
        ophthalmic_secretion: 3,
        straw_fead_tank: 2,
        castration_anesthesia: 1 },
     date: { '$date': 1605782453234 } },
  protocol1: 40,
  protocol2: 58,
  protocol3: 658,
  protocol4: 290,
  total: 1047,
  protocol1_info: [ '음수조 개수를 늘려야함.' ],
  protocol2_info: [],
  protocol3_info: [],
  protocol4_info: [],
  protocol1_length: 1,
  protocol2_length: 0,
  protocol3_length: 0,
  protocol4_length: 0 }
0100000
{ result: 
   { _id: { '$oid': '5fb5cfac604bf4534bc176ff' },
     name: '나',
     tel: '0100000',
     age: '40',
     num_of_sample: '15',
     num_of_all: '45',
     category: '2',
     data: 
      { harmony: 1,
        water_tank_num: 1,
        water_tank_time: 2,
        fall_dead: 2,
        straw_resting_place: 2,
        winter_ventilating: 1,
        straw_normal: 3,
        cough: 3,
        runny_nose: 1,
        touch_impossibility: 3,
        wind_block: 2,
        limp: 3,
        water_tank_clean: 2,
        poor: 3,
        winter_straw: 1,
        mist_spray: 1,
        horn_painkiller: 1,
        struggle: 3,
        ruminant: 3,
        hair_loss: 2,
        respiratory_failure: 3,
        touch_near: 2,
        touch_far: 3,
        horn_anesthesia: 2,
        calf_warm: 1,
        castration: 3,
        shade: 1,
        castration_painkiller: 2,
        touch_possibility: 3,
        outward_hygiene: 3,
        diarrhea: 3,
        horn: 2,
        summer_ventilating: 2,
        calf_wind_block: 2,
        ophthalmic_secretion: 2,
        straw_fead_tank: 3,
        castration_anesthesia: 1 },
     date: { '$date': 1605783100964 } },
  protocol1: 66,
  protocol2: 71,
  protocol3: 658,
  protocol4: 271,
  total: 1067,
  protocol1_info: [],
  protocol2_info: [],
  protocol3_info: [],
  protocol4_info: [],
  protocol1_length: 0,
  protocol2_length: 0,
  protocol3_length: 0,
  protocol4_length: 0 }
